{"C:\\Users\\jamai\\OneDrive\\Documents\\Volunteer\\volunteer_portal\\server\\models\\User.js": {"path":"C:\\Users\\jamai\\OneDrive\\Documents\\Volunteer\\volunteer_portal\\server\\models\\User.js","statementMap":{"0":{"start":{"line":1,"column":17},"end":{"line":1,"column":36}},"1":{"start":{"line":2,"column":15},"end":{"line":2,"column":34}},"2":{"start":{"line":4,"column":19},"end":{"line":19,"column":2}},"3":{"start":{"line":28,"column":13},"end":{"line":28,"column":47}},"4":{"start":{"line":29,"column":0},"end":{"line":29,"column":22}}},"fnMap":{},"branchMap":{},"s":{"0":4,"1":4,"2":4,"3":4,"4":4},"f":{},"b":{},"_coverageSchema":"1a1c01bbd47fc00a2c39e90264f33305004495a9","hash":"21e0c79bf59305bf671cb80c4882e495d45c6808"}
,"C:\\Users\\jamai\\OneDrive\\Documents\\Volunteer\\volunteer_portal\\server\\models\\event.js": {"path":"C:\\Users\\jamai\\OneDrive\\Documents\\Volunteer\\volunteer_portal\\server\\models\\event.js","statementMap":{"0":{"start":{"line":1,"column":17},"end":{"line":1,"column":36}},"1":{"start":{"line":2,"column":21},"end":{"line":2,"column":46}},"2":{"start":{"line":4,"column":20},"end":{"line":35,"column":2}},"3":{"start":{"line":38,"column":0},"end":{"line":53,"column":3}},"4":{"start":{"line":39,"column":2},"end":{"line":52,"column":3}},"5":{"start":{"line":40,"column":25},"end":{"line":47,"column":6}},"6":{"start":{"line":48,"column":4},"end":{"line":48,"column":30}},"7":{"start":{"line":49,"column":4},"end":{"line":49,"column":11}},"8":{"start":{"line":51,"column":4},"end":{"line":51,"column":16}},"9":{"start":{"line":55,"column":0},"end":{"line":55,"column":54}}},"fnMap":{"0":{"name":"(anonymous_0)","decl":{"start":{"line":38,"column":25},"end":{"line":38,"column":26}},"loc":{"start":{"line":38,"column":51},"end":{"line":53,"column":1}},"line":38}},"branchMap":{},"s":{"0":2,"1":2,"2":2,"3":2,"4":7,"5":7,"6":7,"7":7,"8":0,"9":2},"f":{"0":7},"b":{},"_coverageSchema":"1a1c01bbd47fc00a2c39e90264f33305004495a9","hash":"fc39425b80b784edd7169c103c94a4ad25142b42"}
,"C:\\Users\\jamai\\OneDrive\\Documents\\Volunteer\\volunteer_portal\\server\\models\\notification.js": {"path":"C:\\Users\\jamai\\OneDrive\\Documents\\Volunteer\\volunteer_portal\\server\\models\\notification.js","statementMap":{"0":{"start":{"line":1,"column":17},"end":{"line":1,"column":36}},"1":{"start":{"line":3,"column":27},"end":{"line":25,"column":2}},"2":{"start":{"line":27,"column":0},"end":{"line":27,"column":68}}},"fnMap":{},"branchMap":{},"s":{"0":3,"1":3,"2":3},"f":{},"b":{},"_coverageSchema":"1a1c01bbd47fc00a2c39e90264f33305004495a9","hash":"ea9bd3dcef9f8ca6add8473e675b4010222ab3f2"}
,"C:\\Users\\jamai\\OneDrive\\Documents\\Volunteer\\volunteer_portal\\server\\routes\\events.js": {"path":"C:\\Users\\jamai\\OneDrive\\Documents\\Volunteer\\volunteer_portal\\server\\routes\\events.js","statementMap":{"0":{"start":{"line":2,"column":16},"end":{"line":2,"column":34}},"1":{"start":{"line":3,"column":15},"end":{"line":3,"column":31}},"2":{"start":{"line":4,"column":14},"end":{"line":4,"column":40}},"3":{"start":{"line":5,"column":21},"end":{"line":5,"column":54}},"4":{"start":{"line":8,"column":0},"end":{"line":16,"column":3}},"5":{"start":{"line":9,"column":2},"end":{"line":15,"column":3}},"6":{"start":{"line":10,"column":19},"end":{"line":10,"column":37}},"7":{"start":{"line":11,"column":4},"end":{"line":11,"column":33}},"8":{"start":{"line":13,"column":4},"end":{"line":13,"column":49}},"9":{"start":{"line":14,"column":4},"end":{"line":14,"column":51}},"10":{"start":{"line":19,"column":0},"end":{"line":39,"column":3}},"11":{"start":{"line":20,"column":16},"end":{"line":20,"column":35}},"12":{"start":{"line":21,"column":2},"end":{"line":38,"column":3}},"13":{"start":{"line":22,"column":21},"end":{"line":22,"column":39}},"14":{"start":{"line":25,"column":25},"end":{"line":31,"column":6}},"15":{"start":{"line":32,"column":4},"end":{"line":32,"column":30}},"16":{"start":{"line":34,"column":4},"end":{"line":34,"column":35}},"17":{"start":{"line":36,"column":4},"end":{"line":36,"column":48}},"18":{"start":{"line":37,"column":4},"end":{"line":37,"column":51}},"19":{"start":{"line":42,"column":0},"end":{"line":66,"column":3}},"20":{"start":{"line":43,"column":2},"end":{"line":65,"column":3}},"21":{"start":{"line":44,"column":18},"end":{"line":44,"column":53}},"22":{"start":{"line":45,"column":4},"end":{"line":47,"column":5}},"23":{"start":{"line":46,"column":6},"end":{"line":46,"column":66}},"24":{"start":{"line":48,"column":4},"end":{"line":48,"column":35}},"25":{"start":{"line":49,"column":25},"end":{"line":49,"column":43}},"26":{"start":{"line":52,"column":25},"end":{"line":58,"column":6}},"27":{"start":{"line":59,"column":4},"end":{"line":59,"column":30}},"28":{"start":{"line":61,"column":4},"end":{"line":61,"column":39}},"29":{"start":{"line":63,"column":4},"end":{"line":63,"column":48}},"30":{"start":{"line":64,"column":4},"end":{"line":64,"column":51}},"31":{"start":{"line":69,"column":0},"end":{"line":92,"column":3}},"32":{"start":{"line":70,"column":2},"end":{"line":91,"column":3}},"33":{"start":{"line":71,"column":18},"end":{"line":71,"column":53}},"34":{"start":{"line":72,"column":4},"end":{"line":74,"column":5}},"35":{"start":{"line":73,"column":6},"end":{"line":73,"column":66}},"36":{"start":{"line":75,"column":4},"end":{"line":75,"column":25}},"37":{"start":{"line":78,"column":25},"end":{"line":84,"column":6}},"38":{"start":{"line":85,"column":4},"end":{"line":85,"column":30}},"39":{"start":{"line":87,"column":4},"end":{"line":87,"column":55}},"40":{"start":{"line":89,"column":4},"end":{"line":89,"column":48}},"41":{"start":{"line":90,"column":4},"end":{"line":90,"column":51}},"42":{"start":{"line":94,"column":0},"end":{"line":94,"column":24}}},"fnMap":{"0":{"name":"(anonymous_0)","decl":{"start":{"line":8,"column":16},"end":{"line":8,"column":17}},"loc":{"start":{"line":8,"column":36},"end":{"line":16,"column":1}},"line":8},"1":{"name":"(anonymous_1)","decl":{"start":{"line":19,"column":17},"end":{"line":19,"column":18}},"loc":{"start":{"line":19,"column":37},"end":{"line":39,"column":1}},"line":19},"2":{"name":"(anonymous_2)","decl":{"start":{"line":42,"column":19},"end":{"line":42,"column":20}},"loc":{"start":{"line":42,"column":39},"end":{"line":66,"column":1}},"line":42},"3":{"name":"(anonymous_3)","decl":{"start":{"line":69,"column":22},"end":{"line":69,"column":23}},"loc":{"start":{"line":69,"column":42},"end":{"line":92,"column":1}},"line":69}},"branchMap":{"0":{"loc":{"start":{"line":45,"column":4},"end":{"line":47,"column":5}},"type":"if","locations":[{"start":{"line":45,"column":4},"end":{"line":47,"column":5}},{"start":{},"end":{}}],"line":45},"1":{"loc":{"start":{"line":72,"column":4},"end":{"line":74,"column":5}},"type":"if","locations":[{"start":{"line":72,"column":4},"end":{"line":74,"column":5}},{"start":{},"end":{}}],"line":72}},"s":{"0":1,"1":1,"2":1,"3":1,"4":1,"5":1,"6":1,"7":1,"8":0,"9":0,"10":1,"11":1,"12":1,"13":1,"14":1,"15":1,"16":1,"17":0,"18":0,"19":1,"20":1,"21":1,"22":1,"23":0,"24":1,"25":1,"26":1,"27":1,"28":1,"29":0,"30":0,"31":1,"32":1,"33":1,"34":1,"35":0,"36":1,"37":0,"38":0,"39":0,"40":1,"41":1,"42":1},"f":{"0":1,"1":1,"2":1,"3":1},"b":{"0":[0,1],"1":[0,1]},"_coverageSchema":"1a1c01bbd47fc00a2c39e90264f33305004495a9","hash":"60f51f30d126a8bb9ecc1f7bf6ef6a724de9e45c"}
,"C:\\Users\\jamai\\OneDrive\\Documents\\Volunteer\\volunteer_portal\\server\\routes\\login.js": {"path":"C:\\Users\\jamai\\OneDrive\\Documents\\Volunteer\\volunteer_portal\\server\\routes\\login.js","statementMap":{"0":{"start":{"line":1,"column":16},"end":{"line":1,"column":34}},"1":{"start":{"line":2,"column":15},"end":{"line":2,"column":31}},"2":{"start":{"line":3,"column":13},"end":{"line":3,"column":38}},"3":{"start":{"line":6,"column":0},"end":{"line":44,"column":3}},"4":{"start":{"line":7,"column":30},"end":{"line":7,"column":38}},"5":{"start":{"line":9,"column":2},"end":{"line":9,"column":51}},"6":{"start":{"line":11,"column":2},"end":{"line":13,"column":3}},"7":{"start":{"line":12,"column":4},"end":{"line":12,"column":81}},"8":{"start":{"line":15,"column":2},"end":{"line":24,"column":3}},"9":{"start":{"line":16,"column":4},"end":{"line":23,"column":7}},"10":{"start":{"line":26,"column":2},"end":{"line":43,"column":3}},"11":{"start":{"line":27,"column":17},"end":{"line":27,"column":46}},"12":{"start":{"line":28,"column":4},"end":{"line":28,"column":37}},"13":{"start":{"line":30,"column":4},"end":{"line":32,"column":5}},"14":{"start":{"line":31,"column":6},"end":{"line":31,"column":77}},"15":{"start":{"line":35,"column":4},"end":{"line":37,"column":5}},"16":{"start":{"line":36,"column":6},"end":{"line":36,"column":77}},"17":{"start":{"line":39,"column":4},"end":{"line":39,"column":64}},"18":{"start":{"line":41,"column":4},"end":{"line":41,"column":48}},"19":{"start":{"line":42,"column":4},"end":{"line":42,"column":63}},"20":{"start":{"line":46,"column":0},"end":{"line":46,"column":24}}},"fnMap":{"0":{"name":"(anonymous_0)","decl":{"start":{"line":6,"column":22},"end":{"line":6,"column":23}},"loc":{"start":{"line":6,"column":42},"end":{"line":44,"column":1}},"line":6}},"branchMap":{"0":{"loc":{"start":{"line":11,"column":2},"end":{"line":13,"column":3}},"type":"if","locations":[{"start":{"line":11,"column":2},"end":{"line":13,"column":3}},{"start":{},"end":{}}],"line":11},"1":{"loc":{"start":{"line":11,"column":6},"end":{"line":11,"column":25}},"type":"binary-expr","locations":[{"start":{"line":11,"column":6},"end":{"line":11,"column":12}},{"start":{"line":11,"column":16},"end":{"line":11,"column":25}}],"line":11},"2":{"loc":{"start":{"line":15,"column":2},"end":{"line":24,"column":3}},"type":"if","locations":[{"start":{"line":15,"column":2},"end":{"line":24,"column":3}},{"start":{},"end":{}}],"line":15},"3":{"loc":{"start":{"line":15,"column":6},"end":{"line":15,"column":60}},"type":"binary-expr","locations":[{"start":{"line":15,"column":6},"end":{"line":15,"column":33}},{"start":{"line":15,"column":37},"end":{"line":15,"column":60}}],"line":15},"4":{"loc":{"start":{"line":30,"column":4},"end":{"line":32,"column":5}},"type":"if","locations":[{"start":{"line":30,"column":4},"end":{"line":32,"column":5}},{"start":{},"end":{}}],"line":30},"5":{"loc":{"start":{"line":35,"column":4},"end":{"line":37,"column":5}},"type":"if","locations":[{"start":{"line":35,"column":4},"end":{"line":37,"column":5}},{"start":{},"end":{}}],"line":35}},"s":{"0":1,"1":1,"2":1,"3":1,"4":4,"5":4,"6":4,"7":2,"8":2,"9":0,"10":2,"11":2,"12":2,"13":2,"14":1,"15":1,"16":1,"17":0,"18":0,"19":0,"20":1},"f":{"0":4},"b":{"0":[2,2],"1":[4,3],"2":[0,2],"3":[2,0],"4":[1,1],"5":[1,0]},"_coverageSchema":"1a1c01bbd47fc00a2c39e90264f33305004495a9","hash":"c1a5a9fd1289e4692a225890a23a8f75f6e3f2e4"}
,"C:\\Users\\jamai\\OneDrive\\Documents\\Volunteer\\volunteer_portal\\server\\routes\\notifications.js": {"path":"C:\\Users\\jamai\\OneDrive\\Documents\\Volunteer\\volunteer_portal\\server\\routes\\notifications.js","statementMap":{"0":{"start":{"line":2,"column":16},"end":{"line":2,"column":34}},"1":{"start":{"line":3,"column":15},"end":{"line":3,"column":31}},"2":{"start":{"line":4,"column":21},"end":{"line":4,"column":54}},"3":{"start":{"line":7,"column":0},"end":{"line":14,"column":3}},"4":{"start":{"line":8,"column":2},"end":{"line":13,"column":3}},"5":{"start":{"line":9,"column":26},"end":{"line":9,"column":72}},"6":{"start":{"line":10,"column":4},"end":{"line":10,"column":28}},"7":{"start":{"line":12,"column":4},"end":{"line":12,"column":51}},"8":{"start":{"line":17,"column":0},"end":{"line":25,"column":3}},"9":{"start":{"line":18,"column":23},"end":{"line":18,"column":49}},"10":{"start":{"line":19,"column":2},"end":{"line":24,"column":3}},"11":{"start":{"line":20,"column":28},"end":{"line":20,"column":53}},"12":{"start":{"line":21,"column":4},"end":{"line":21,"column":42}},"13":{"start":{"line":23,"column":4},"end":{"line":23,"column":51}},"14":{"start":{"line":28,"column":0},"end":{"line":35,"column":3}},"15":{"start":{"line":29,"column":2},"end":{"line":34,"column":3}},"16":{"start":{"line":30,"column":4},"end":{"line":30,"column":56}},"17":{"start":{"line":31,"column":4},"end":{"line":31,"column":50}},"18":{"start":{"line":33,"column":4},"end":{"line":33,"column":51}},"19":{"start":{"line":37,"column":0},"end":{"line":37,"column":24}}},"fnMap":{"0":{"name":"(anonymous_0)","decl":{"start":{"line":7,"column":16},"end":{"line":7,"column":17}},"loc":{"start":{"line":7,"column":36},"end":{"line":14,"column":1}},"line":7},"1":{"name":"(anonymous_1)","decl":{"start":{"line":17,"column":17},"end":{"line":17,"column":18}},"loc":{"start":{"line":17,"column":37},"end":{"line":25,"column":1}},"line":17},"2":{"name":"(anonymous_2)","decl":{"start":{"line":28,"column":22},"end":{"line":28,"column":23}},"loc":{"start":{"line":28,"column":42},"end":{"line":35,"column":1}},"line":28}},"branchMap":{},"s":{"0":1,"1":1,"2":1,"3":1,"4":1,"5":1,"6":0,"7":1,"8":1,"9":1,"10":1,"11":1,"12":1,"13":0,"14":1,"15":1,"16":1,"17":1,"18":0,"19":1},"f":{"0":1,"1":1,"2":1},"b":{},"_coverageSchema":"1a1c01bbd47fc00a2c39e90264f33305004495a9","hash":"d0e70cd4a4ea2aa255d9a3785cbbb282042c22eb"}
,"C:\\Users\\jamai\\OneDrive\\Documents\\Volunteer\\volunteer_portal\\server\\routes\\profile.js": {"path":"C:\\Users\\jamai\\OneDrive\\Documents\\Volunteer\\volunteer_portal\\server\\routes\\profile.js","statementMap":{"0":{"start":{"line":1,"column":16},"end":{"line":1,"column":34}},"1":{"start":{"line":2,"column":15},"end":{"line":2,"column":31}},"2":{"start":{"line":3,"column":13},"end":{"line":3,"column":38}},"3":{"start":{"line":6,"column":0},"end":{"line":59,"column":3}},"4":{"start":{"line":7,"column":111},"end":{"line":7,"column":119}},"5":{"start":{"line":9,"column":2},"end":{"line":9,"column":71}},"6":{"start":{"line":11,"column":2},"end":{"line":13,"column":3}},"7":{"start":{"line":12,"column":4},"end":{"line":12,"column":67}},"8":{"start":{"line":15,"column":2},"end":{"line":17,"column":3}},"9":{"start":{"line":16,"column":4},"end":{"line":16,"column":107}},"10":{"start":{"line":19,"column":2},"end":{"line":21,"column":3}},"11":{"start":{"line":20,"column":4},"end":{"line":20,"column":107}},"12":{"start":{"line":23,"column":2},"end":{"line":25,"column":3}},"13":{"start":{"line":24,"column":4},"end":{"line":24,"column":103}},"14":{"start":{"line":27,"column":2},"end":{"line":29,"column":3}},"15":{"start":{"line":28,"column":4},"end":{"line":28,"column":67}},"16":{"start":{"line":31,"column":2},"end":{"line":33,"column":3}},"17":{"start":{"line":32,"column":4},"end":{"line":32,"column":108}},"18":{"start":{"line":35,"column":2},"end":{"line":58,"column":3}},"19":{"start":{"line":36,"column":17},"end":{"line":36,"column":46}},"20":{"start":{"line":37,"column":4},"end":{"line":37,"column":37}},"21":{"start":{"line":38,"column":4},"end":{"line":40,"column":5}},"22":{"start":{"line":39,"column":6},"end":{"line":39,"column":65}},"23":{"start":{"line":42,"column":4},"end":{"line":42,"column":29}},"24":{"start":{"line":43,"column":4},"end":{"line":43,"column":29}},"25":{"start":{"line":44,"column":4},"end":{"line":44,"column":29}},"26":{"start":{"line":45,"column":4},"end":{"line":45,"column":21}},"27":{"start":{"line":46,"column":4},"end":{"line":46,"column":23}},"28":{"start":{"line":47,"column":4},"end":{"line":47,"column":19}},"29":{"start":{"line":48,"column":4},"end":{"line":48,"column":33}},"30":{"start":{"line":49,"column":4},"end":{"line":49,"column":35}},"31":{"start":{"line":50,"column":4},"end":{"line":50,"column":37}},"32":{"start":{"line":51,"column":4},"end":{"line":51,"column":32}},"33":{"start":{"line":53,"column":4},"end":{"line":53,"column":22}},"34":{"start":{"line":55,"column":4},"end":{"line":55,"column":76}},"35":{"start":{"line":57,"column":4},"end":{"line":57,"column":70}},"36":{"start":{"line":61,"column":0},"end":{"line":61,"column":24}}},"fnMap":{"0":{"name":"(anonymous_0)","decl":{"start":{"line":6,"column":22},"end":{"line":6,"column":23}},"loc":{"start":{"line":6,"column":42},"end":{"line":59,"column":1}},"line":6}},"branchMap":{"0":{"loc":{"start":{"line":11,"column":2},"end":{"line":13,"column":3}},"type":"if","locations":[{"start":{"line":11,"column":2},"end":{"line":13,"column":3}},{"start":{},"end":{}}],"line":11},"1":{"loc":{"start":{"line":15,"column":2},"end":{"line":17,"column":3}},"type":"if","locations":[{"start":{"line":15,"column":2},"end":{"line":17,"column":3}},{"start":{},"end":{}}],"line":15},"2":{"loc":{"start":{"line":15,"column":6},"end":{"line":15,"column":39}},"type":"binary-expr","locations":[{"start":{"line":15,"column":6},"end":{"line":15,"column":15}},{"start":{"line":15,"column":19},"end":{"line":15,"column":39}}],"line":15},"3":{"loc":{"start":{"line":19,"column":2},"end":{"line":21,"column":3}},"type":"if","locations":[{"start":{"line":19,"column":2},"end":{"line":21,"column":3}},{"start":{},"end":{}}],"line":19},"4":{"loc":{"start":{"line":19,"column":6},"end":{"line":19,"column":40}},"type":"binary-expr","locations":[{"start":{"line":19,"column":6},"end":{"line":19,"column":15}},{"start":{"line":19,"column":19},"end":{"line":19,"column":40}}],"line":19},"5":{"loc":{"start":{"line":23,"column":2},"end":{"line":25,"column":3}},"type":"if","locations":[{"start":{"line":23,"column":2},"end":{"line":25,"column":3}},{"start":{},"end":{}}],"line":23},"6":{"loc":{"start":{"line":23,"column":6},"end":{"line":23,"column":32}},"type":"binary-expr","locations":[{"start":{"line":23,"column":6},"end":{"line":23,"column":11}},{"start":{"line":23,"column":15},"end":{"line":23,"column":32}}],"line":23},"7":{"loc":{"start":{"line":27,"column":2},"end":{"line":29,"column":3}},"type":"if","locations":[{"start":{"line":27,"column":2},"end":{"line":29,"column":3}},{"start":{},"end":{}}],"line":27},"8":{"loc":{"start":{"line":31,"column":2},"end":{"line":33,"column":3}},"type":"if","locations":[{"start":{"line":31,"column":2},"end":{"line":33,"column":3}},{"start":{},"end":{}}],"line":31},"9":{"loc":{"start":{"line":31,"column":6},"end":{"line":31,"column":43}},"type":"binary-expr","locations":[{"start":{"line":31,"column":6},"end":{"line":31,"column":10}},{"start":{"line":31,"column":14},"end":{"line":31,"column":43}}],"line":31},"10":{"loc":{"start":{"line":38,"column":4},"end":{"line":40,"column":5}},"type":"if","locations":[{"start":{"line":38,"column":4},"end":{"line":40,"column":5}},{"start":{},"end":{}}],"line":38}},"s":{"0":1,"1":1,"2":1,"3":1,"4":8,"5":8,"6":8,"7":0,"8":8,"9":1,"10":7,"11":2,"12":5,"13":2,"14":3,"15":1,"16":2,"17":1,"18":1,"19":1,"20":1,"21":1,"22":1,"23":0,"24":0,"25":0,"26":0,"27":0,"28":0,"29":0,"30":0,"31":0,"32":0,"33":0,"34":0,"35":0,"36":1},"f":{"0":8},"b":{"0":[0,8],"1":[1,7],"2":[8,8],"3":[2,5],"4":[7,6],"5":[2,3],"6":[5,4],"7":[1,2],"8":[1,1],"9":[2,2],"10":[1,0]},"_coverageSchema":"1a1c01bbd47fc00a2c39e90264f33305004495a9","hash":"31d2ada05e6d27bbc0ca65856c47de2ef6bbba48"}
,"C:\\Users\\jamai\\OneDrive\\Documents\\Volunteer\\volunteer_portal\\server\\routes\\registration.js": {"path":"C:\\Users\\jamai\\OneDrive\\Documents\\Volunteer\\volunteer_portal\\server\\routes\\registration.js","statementMap":{"0":{"start":{"line":1,"column":16},"end":{"line":1,"column":34}},"1":{"start":{"line":2,"column":15},"end":{"line":2,"column":34}},"2":{"start":{"line":3,"column":15},"end":{"line":3,"column":31}},"3":{"start":{"line":4,"column":13},"end":{"line":4,"column":38}},"4":{"start":{"line":6,"column":0},"end":{"line":40,"column":3}},"5":{"start":{"line":7,"column":43},"end":{"line":7,"column":51}},"6":{"start":{"line":9,"column":2},"end":{"line":11,"column":3}},"7":{"start":{"line":10,"column":4},"end":{"line":10,"column":66}},"8":{"start":{"line":13,"column":2},"end":{"line":15,"column":3}},"9":{"start":{"line":14,"column":4},"end":{"line":14,"column":69}},"10":{"start":{"line":17,"column":2},"end":{"line":19,"column":3}},"11":{"start":{"line":18,"column":4},"end":{"line":18,"column":73}},"12":{"start":{"line":21,"column":2},"end":{"line":23,"column":3}},"13":{"start":{"line":22,"column":4},"end":{"line":22,"column":69}},"14":{"start":{"line":25,"column":2},"end":{"line":27,"column":3}},"15":{"start":{"line":26,"column":4},"end":{"line":26,"column":93}},"16":{"start":{"line":29,"column":23},"end":{"line":29,"column":52}},"17":{"start":{"line":30,"column":2},"end":{"line":32,"column":3}},"18":{"start":{"line":31,"column":4},"end":{"line":31,"column":83}},"19":{"start":{"line":34,"column":25},"end":{"line":34,"column":56}},"20":{"start":{"line":36,"column":18},"end":{"line":36,"column":76}},"21":{"start":{"line":37,"column":2},"end":{"line":37,"column":23}},"22":{"start":{"line":39,"column":2},"end":{"line":39,"column":83}},"23":{"start":{"line":42,"column":0},"end":{"line":42,"column":24}}},"fnMap":{"0":{"name":"(anonymous_0)","decl":{"start":{"line":6,"column":25},"end":{"line":6,"column":26}},"loc":{"start":{"line":6,"column":45},"end":{"line":40,"column":1}},"line":6}},"branchMap":{"0":{"loc":{"start":{"line":9,"column":2},"end":{"line":11,"column":3}},"type":"if","locations":[{"start":{"line":9,"column":2},"end":{"line":11,"column":3}},{"start":{},"end":{}}],"line":9},"1":{"loc":{"start":{"line":13,"column":2},"end":{"line":15,"column":3}},"type":"if","locations":[{"start":{"line":13,"column":2},"end":{"line":15,"column":3}},{"start":{},"end":{}}],"line":13},"2":{"loc":{"start":{"line":17,"column":2},"end":{"line":19,"column":3}},"type":"if","locations":[{"start":{"line":17,"column":2},"end":{"line":19,"column":3}},{"start":{},"end":{}}],"line":17},"3":{"loc":{"start":{"line":21,"column":2},"end":{"line":23,"column":3}},"type":"if","locations":[{"start":{"line":21,"column":2},"end":{"line":23,"column":3}},{"start":{},"end":{}}],"line":21},"4":{"loc":{"start":{"line":25,"column":2},"end":{"line":27,"column":3}},"type":"if","locations":[{"start":{"line":25,"column":2},"end":{"line":27,"column":3}},{"start":{},"end":{}}],"line":25},"5":{"loc":{"start":{"line":30,"column":2},"end":{"line":32,"column":3}},"type":"if","locations":[{"start":{"line":30,"column":2},"end":{"line":32,"column":3}},{"start":{},"end":{}}],"line":30}},"s":{"0":1,"1":1,"2":1,"3":1,"4":1,"5":7,"6":7,"7":1,"8":6,"9":1,"10":5,"11":1,"12":4,"13":1,"14":3,"15":1,"16":2,"17":2,"18":1,"19":1,"20":1,"21":1,"22":1,"23":1},"f":{"0":7},"b":{"0":[1,6],"1":[1,5],"2":[1,4],"3":[1,3],"4":[1,2],"5":[1,1]},"_coverageSchema":"1a1c01bbd47fc00a2c39e90264f33305004495a9","hash":"726ea38a88e81b13549d419c9507b3f2f2832314"}
,"C:\\Users\\jamai\\OneDrive\\Documents\\Volunteer\\volunteer_portal\\server\\routes\\volunteerHistory.js": {"path":"C:\\Users\\jamai\\OneDrive\\Documents\\Volunteer\\volunteer_portal\\server\\routes\\volunteerHistory.js","statementMap":{"0":{"start":{"line":1,"column":16},"end":{"line":1,"column":34}},"1":{"start":{"line":2,"column":13},"end":{"line":2,"column":38}},"2":{"start":{"line":3,"column":14},"end":{"line":3,"column":40}},"3":{"start":{"line":5,"column":15},"end":{"line":5,"column":31}},"4":{"start":{"line":8,"column":0},"end":{"line":30,"column":3}},"5":{"start":{"line":9,"column":2},"end":{"line":29,"column":3}},"6":{"start":{"line":10,"column":23},"end":{"line":10,"column":94}},"7":{"start":{"line":11,"column":20},"end":{"line":24,"column":6}},"8":{"start":{"line":12,"column":6},"end":{"line":23,"column":9}},"9":{"start":{"line":13,"column":8},"end":{"line":22,"column":10}},"10":{"start":{"line":26,"column":4},"end":{"line":26,"column":22}},"11":{"start":{"line":28,"column":4},"end":{"line":28,"column":70}},"12":{"start":{"line":32,"column":0},"end":{"line":32,"column":24}}},"fnMap":{"0":{"name":"(anonymous_0)","decl":{"start":{"line":8,"column":16},"end":{"line":8,"column":17}},"loc":{"start":{"line":8,"column":36},"end":{"line":30,"column":1}},"line":8},"1":{"name":"(anonymous_1)","decl":{"start":{"line":11,"column":39},"end":{"line":11,"column":40}},"loc":{"start":{"line":11,"column":52},"end":{"line":24,"column":5}},"line":11},"2":{"name":"(anonymous_2)","decl":{"start":{"line":12,"column":41},"end":{"line":12,"column":42}},"loc":{"start":{"line":12,"column":50},"end":{"line":23,"column":7}},"line":12}},"branchMap":{"0":{"loc":{"start":{"line":18,"column":26},"end":{"line":18,"column":89}},"type":"cond-expr","locations":[{"start":{"line":18,"column":64},"end":{"line":18,"column":84}},{"start":{"line":18,"column":87},"end":{"line":18,"column":89}}],"line":18}},"s":{"0":1,"1":1,"2":1,"3":1,"4":1,"5":0,"6":0,"7":0,"8":0,"9":0,"10":0,"11":0,"12":1},"f":{"0":0,"1":0,"2":0},"b":{"0":[0,0]},"_coverageSchema":"1a1c01bbd47fc00a2c39e90264f33305004495a9","hash":"a5285e791df90342cfe5b2580aae2ef87fbd56cb"}
}
