TN:
SF:models\User.js
FNF:0
FNH:0
DA:1,4
DA:2,4
DA:4,4
DA:28,4
DA:29,4
LF:5
LH:5
BRF:0
BRH:0
end_of_record
TN:
SF:models\event.js
FN:38,(anonymous_0)
FNF:1
FNH:1
FNDA:7,(anonymous_0)
DA:1,2
DA:2,2
DA:4,2
DA:38,2
DA:39,7
DA:40,7
DA:48,7
DA:49,7
DA:51,0
DA:55,2
LF:10
LH:9
BRF:0
BRH:0
end_of_record
TN:
SF:models\notification.js
FNF:0
FNH:0
DA:1,3
DA:3,3
DA:27,3
LF:3
LH:3
BRF:0
BRH:0
end_of_record
TN:
SF:routes\events.js
FN:7,(anonymous_0)
FN:18,(anonymous_1)
FN:41,(anonymous_2)
FN:68,(anonymous_3)
FNF:4
FNH:4
FNDA:1,(anonymous_0)
FNDA:1,(anonymous_1)
FNDA:1,(anonymous_2)
FNDA:1,(anonymous_3)
DA:1,1
DA:2,1
DA:3,1
DA:4,1
DA:7,1
DA:8,1
DA:9,1
DA:10,1
DA:12,0
DA:13,0
DA:18,1
DA:19,1
DA:20,1
DA:21,1
DA:24,1
DA:31,1
DA:33,1
DA:35,0
DA:36,0
DA:41,1
DA:42,1
DA:43,1
DA:44,1
DA:45,0
DA:47,1
DA:48,1
DA:51,1
DA:58,1
DA:60,1
DA:62,0
DA:63,0
DA:68,1
DA:69,1
DA:70,1
DA:71,1
DA:72,0
DA:76,1
DA:79,1
DA:81,1
DA:83,0
DA:84,0
DA:88,1
LF:42
LH:32
BRDA:44,0,0,0
BRDA:44,0,1,1
BRDA:71,1,0,0
BRDA:71,1,1,1
BRF:4
BRH:2
end_of_record
TN:
SF:routes\login.js
FN:6,(anonymous_0)
FNF:1
FNH:1
FNDA:4,(anonymous_0)
DA:1,1
DA:2,1
DA:3,1
DA:6,1
DA:7,4
DA:9,4
DA:11,4
DA:12,2
DA:15,2
DA:16,0
DA:26,2
DA:27,2
DA:28,2
DA:30,2
DA:31,1
DA:35,1
DA:36,1
DA:39,0
DA:41,0
DA:42,0
DA:46,1
LF:21
LH:17
BRDA:11,0,0,2
BRDA:11,0,1,2
BRDA:11,1,0,4
BRDA:11,1,1,3
BRDA:15,2,0,0
BRDA:15,2,1,2
BRDA:15,3,0,2
BRDA:15,3,1,0
BRDA:30,4,0,1
BRDA:30,4,1,1
BRDA:35,5,0,1
BRDA:35,5,1,0
BRF:12
BRH:9
end_of_record
TN:
SF:routes\notifications.js
FN:7,(anonymous_0)
FN:17,(anonymous_1)
FN:28,(anonymous_2)
FNF:3
FNH:3
FNDA:1,(anonymous_0)
FNDA:1,(anonymous_1)
FNDA:1,(anonymous_2)
DA:2,1
DA:3,1
DA:4,1
DA:7,1
DA:8,1
DA:9,1
DA:10,1
DA:12,0
DA:17,1
DA:18,1
DA:19,1
DA:20,1
DA:21,1
DA:23,0
DA:28,1
DA:29,1
DA:30,1
DA:31,1
DA:33,0
DA:37,1
LF:20
LH:17
BRF:0
BRH:0
end_of_record
TN:
SF:routes\profile.js
FN:6,(anonymous_0)
FNF:1
FNH:1
FNDA:8,(anonymous_0)
DA:1,1
DA:2,1
DA:3,1
DA:6,1
DA:10,8
DA:12,8
DA:14,8
DA:15,0
DA:18,8
DA:19,2
DA:22,6
DA:23,2
DA:26,4
DA:27,2
DA:30,2
DA:31,0
DA:34,2
DA:35,2
DA:38,0
DA:39,0
DA:40,0
DA:41,0
DA:42,0
DA:45,0
DA:46,0
DA:47,0
DA:48,0
DA:49,0
DA:50,0
DA:51,0
DA:52,0
DA:53,0
DA:54,0
DA:56,0
DA:58,0
DA:60,0
DA:64,1
LF:37
LH:17
BRDA:14,0,0,0
BRDA:14,0,1,8
BRDA:18,1,0,2
BRDA:18,1,1,6
BRDA:18,2,0,8
BRDA:18,2,1,7
BRDA:22,3,0,2
BRDA:22,3,1,4
BRDA:22,4,0,6
BRDA:22,4,1,5
BRDA:26,5,0,2
BRDA:26,5,1,2
BRDA:26,6,0,4
BRDA:26,6,1,3
BRDA:30,7,0,0
BRDA:30,7,1,2
BRDA:34,8,0,2
BRDA:34,8,1,0
BRDA:34,9,0,2
BRDA:34,9,1,1
BRDA:41,10,0,0
BRDA:41,10,1,0
BRF:22
BRH:17
end_of_record
TN:
SF:routes\registration.js
FN:6,(anonymous_0)
FNF:1
FNH:1
FNDA:7,(anonymous_0)
DA:1,1
DA:2,1
DA:3,1
DA:4,1
DA:6,1
DA:7,7
DA:9,7
DA:10,1
DA:13,6
DA:14,1
DA:17,5
DA:18,1
DA:21,4
DA:22,1
DA:25,3
DA:26,1
DA:29,2
DA:30,2
DA:31,0
DA:34,2
DA:36,2
DA:37,2
DA:39,2
DA:42,1
LF:24
LH:23
BRDA:9,0,0,1
BRDA:9,0,1,6
BRDA:13,1,0,1
BRDA:13,1,1,5
BRDA:17,2,0,1
BRDA:17,2,1,4
BRDA:21,3,0,1
BRDA:21,3,1,3
BRDA:25,4,0,1
BRDA:25,4,1,2
BRDA:30,5,0,0
BRDA:30,5,1,2
BRF:12
BRH:11
end_of_record
TN:
SF:routes\volunteerHistory.js
FN:8,(anonymous_0)
FN:11,(anonymous_1)
FN:12,(anonymous_2)
FNF:3
FNH:0
FNDA:0,(anonymous_0)
FNDA:0,(anonymous_1)
FNDA:0,(anonymous_2)
DA:1,1
DA:2,1
DA:3,1
DA:5,1
DA:8,1
DA:9,0
DA:10,0
DA:11,0
DA:12,0
DA:13,0
DA:26,0
DA:28,0
DA:32,1
LF:13
LH:6
BRDA:18,0,0,0
BRDA:18,0,1,0
BRF:2
BRH:0
end_of_record
